<?xml version="1.0" encoding="UTF-8"?>
<!-- Generated by org.testng.reporters.JUnitReportReporter -->
<testsuite skipped="0" hostname="DESKTOP-T4S1BSK" name="testRunners.FirstRunner" tests="1" failures="0" timestamp="2020-04-01T23:28:04 PDT" time="24.841" errors="0">
  <testcase name="runScenario" time="24.841" classname="testRunners.FirstRunner"/>
  <system-out/>
</testsuite> <!-- testRunners.FirstRunner -->
